TN:
SF:src/app.ts
FN:23,(anonymous_1)
FN:33,init
FN:38,close
FNF:3
FNH:2
FNDA:1,(anonymous_1)
FNDA:10,init
FNDA:0,close
DA:1,10
DA:2,10
DA:3,10
DA:4,10
DA:5,10
DA:6,10
DA:15,10
DA:17,10
DA:19,10
DA:20,10
DA:23,1
DA:33,10
DA:34,10
DA:35,10
DA:38,10
DA:39,0
DA:42,10
LF:17
LH:16
BRF:0
BRH:0
end_of_record
TN:
SF:src/config/database.ts
FN:4,connectDb
FN:8,disconnectDB
FNF:2
FNH:1
FNDA:10,connectDb
FNDA:0,disconnectDB
DA:1,13
DA:4,13
DA:5,10
DA:8,13
DA:9,0
LF:5
LH:4
BRF:0
BRH:0
end_of_record
TN:
SF:src/config/envs.ts
FN:4,loadEnv
FNF:1
FNH:1
FNDA:23,loadEnv
DA:1,13
DA:2,13
DA:4,13
DA:6,23
DA:12,23
DA:13,23
LF:6
LH:6
BRDA:6,0,0,23
BRDA:6,0,1,0
BRDA:8,1,0,0
BRDA:8,1,1,0
BRF:4
BRH:1
end_of_record
TN:
SF:src/config/index.ts
FNF:0
FNH:0
DA:1,13
DA:2,13
LF:2
LH:2
BRF:0
BRH:0
end_of_record
TN:
SF:src/controllers/authentication-controller.ts
FN:5,singInPost
FNF:1
FNH:1
FNDA:5,singInPost
DA:2,10
DA:3,10
DA:5,10
DA:6,5
DA:8,5
DA:10,3
LF:6
LH:6
BRF:0
BRH:0
end_of_record
TN:
SF:src/controllers/enrollments-controller.ts
FN:7,getEnrollmentByUser
FN:15,postCreateOrUpdateEnrollment
FN:24,getAddressFromCEP
FNF:3
FNH:3
FNDA:2,getEnrollmentByUser
FNDA:2,postCreateOrUpdateEnrollment
FNDA:2,getAddressFromCEP
DA:2,10
DA:4,10
DA:7,10
DA:8,2
DA:10,2
DA:12,1
DA:15,10
DA:16,2
DA:21,0
DA:24,10
DA:25,2
DA:27,2
DA:28,1
LF:13
LH:12
BRF:0
BRH:0
end_of_record
TN:
SF:src/controllers/events-controller.ts
FN:5,getDefaultEvent
FNF:1
FNH:1
FNDA:2,getDefaultEvent
DA:2,10
DA:3,10
DA:5,10
DA:6,2
DA:7,1
LF:5
LH:5
BRF:0
BRH:0
end_of_record
TN:
SF:src/controllers/hotels-controller.ts
FN:5,getHotels
FN:10,getHotelById
FNF:2
FNH:2
FNDA:2,getHotels
FNDA:2,getHotelById
DA:2,10
DA:3,10
DA:5,10
DA:6,2
DA:7,1
DA:10,10
DA:11,2
DA:12,2
DA:13,1
LF:9
LH:9
BRF:0
BRH:0
end_of_record
TN:
SF:src/controllers/index.ts
FNF:0
FNH:0
DA:1,10
DA:2,10
DA:3,10
DA:4,10
DA:5,10
DA:6,10
LF:6
LH:6
BRF:0
BRH:0
end_of_record
TN:
SF:src/controllers/payments-controller.ts
FN:7,getPaymentByTicketId
FN:15,paymentProcess
FNF:2
FNH:2
FNDA:3,getPaymentByTicketId
FNDA:5,paymentProcess
DA:2,10
DA:5,10
DA:7,10
DA:8,3
DA:9,3
DA:11,3
DA:12,0
DA:15,10
DA:16,5
DA:17,5
DA:19,5
DA:20,3
LF:12
LH:11
BRF:0
BRH:0
end_of_record
TN:
SF:src/controllers/tickets-controller.ts
FN:7,getTicketTypes
FN:12,getTicket
FN:18,createTicket
FNF:3
FNH:3
FNDA:2,getTicketTypes
FNDA:2,getTicket
FNDA:2,createTicket
DA:2,10
DA:4,10
DA:7,10
DA:8,2
DA:9,2
DA:12,10
DA:13,2
DA:14,2
DA:15,0
DA:18,10
DA:19,2
DA:20,2
DA:22,2
DA:23,1
LF:14
LH:13
BRF:0
BRH:0
end_of_record
TN:
SF:src/controllers/users-controller.ts
FN:5,usersPost
FNF:1
FNH:1
FNDA:6,usersPost
DA:2,10
DA:3,10
DA:5,10
DA:6,6
DA:8,6
DA:10,0
LF:6
LH:5
BRF:0
BRH:0
end_of_record
TN:
SF:src/errors/cannot-enroll-before-start-date-error.ts
FN:3,cannotEnrollBeforeStartDateError
FNF:1
FNH:1
FNDA:7,cannotEnrollBeforeStartDateError
DA:3,10
DA:4,7
LF:2
LH:2
BRF:0
BRH:0
end_of_record
TN:
SF:src/errors/conflict-error.ts
FN:3,conflictError
FNF:1
FNH:0
FNDA:0,conflictError
DA:3,10
DA:4,0
LF:2
LH:1
BRF:0
BRH:0
end_of_record
TN:
SF:src/errors/duplicate-email-error.ts
FN:3,duplicatedEmailError
FNF:1
FNH:1
FNDA:2,duplicatedEmailError
DA:3,10
DA:4,2
LF:2
LH:2
BRF:0
BRH:0
end_of_record
TN:
SF:src/errors/enrollment-not-found-error.ts
FN:3,enrollmentNotFoundError
FNF:1
FNH:1
FNDA:1,enrollmentNotFoundError
DA:3,10
DA:4,1
LF:2
LH:2
BRF:0
BRH:0
end_of_record
TN:
SF:src/errors/index.ts
FNF:0
FNH:0
DA:1,10
DA:2,10
DA:3,10
DA:4,10
DA:5,10
DA:6,10
DA:7,10
DA:8,10
DA:9,10
DA:10,10
DA:11,10
DA:12,10
LF:12
LH:12
BRF:0
BRH:0
end_of_record
TN:
SF:src/errors/invalid-cep-error.ts
FN:3,invalidCepError
FNF:1
FNH:0
FNDA:0,invalidCepError
DA:3,10
DA:4,0
LF:2
LH:1
BRF:0
BRH:0
end_of_record
TN:
SF:src/errors/invalid-credentials-error.ts
FN:3,invalidCredentialsError
FNF:1
FNH:1
FNDA:6,invalidCredentialsError
DA:3,10
DA:4,6
LF:2
LH:2
BRF:0
BRH:0
end_of_record
TN:
SF:src/errors/invalid-data-error.ts
FN:3,invalidDataError
FNF:1
FNH:1
FNDA:10,invalidDataError
DA:3,10
DA:4,10
LF:2
LH:2
BRF:0
BRH:0
end_of_record
TN:
SF:src/errors/invalid-email-error.ts
FN:3,invalidEmailError
FNF:1
FNH:0
FNDA:0,invalidEmailError
DA:3,10
DA:4,0
LF:2
LH:1
BRF:0
BRH:0
end_of_record
TN:
SF:src/errors/not-found-error.ts
FN:3,notFoundError
FNF:1
FNH:1
FNDA:12,notFoundError
DA:3,10
DA:4,12
LF:2
LH:2
BRF:0
BRH:0
end_of_record
TN:
SF:src/errors/not-paid-error.ts
FN:1,notPaidError
FNF:1
FNH:1
FNDA:6,notPaidError
DA:1,10
DA:2,6
LF:2
LH:2
BRF:0
BRH:0
end_of_record
TN:
SF:src/errors/request-error.ts
FN:3,requestError
FNF:1
FNH:1
FNDA:1,requestError
DA:3,10
DA:4,1
LF:2
LH:2
BRF:0
BRH:0
end_of_record
TN:
SF:src/errors/unauthorized-error.ts
FN:3,unauthorizedError
FNF:1
FNH:1
FNDA:21,unauthorizedError
DA:3,10
DA:4,21
LF:2
LH:2
BRF:0
BRH:0
end_of_record
TN:
SF:src/middlewares/authentication-middleware.ts
FN:6,authenticateToken
FNF:1
FNH:1
FNDA:65,authenticateToken
DA:2,10
DA:3,10
DA:4,10
DA:6,10
DA:7,65
DA:8,65
DA:10,56
DA:11,56
DA:13,56
DA:15,47
DA:16,47
DA:18,37
DA:19,37
LF:13
LH:13
BRDA:8,0,0,9
BRDA:11,1,0,0
BRDA:16,2,0,10
BRF:3
BRH:2
end_of_record
TN:
SF:src/middlewares/error-handling-middleware.ts
FN:5,handleApplicationErrors
FNF:1
FNH:1
FNDA:70,handleApplicationErrors
DA:2,10
DA:5,10
DA:11,70
DA:12,5
DA:17,65
DA:18,1
DA:23,64
DA:24,11
DA:29,53
DA:30,10
DA:35,43
DA:36,12
DA:41,31
DA:42,0
DA:47,31
DA:48,21
DA:53,10
DA:54,1
DA:57,9
DA:58,0
DA:61,9
DA:62,1
DA:67,8
DA:68,6
DA:72,2
DA:73,2
LF:26
LH:24
BRDA:11,0,0,5
BRDA:17,1,0,1
BRDA:17,2,0,65
BRDA:17,2,1,65
BRDA:23,3,0,11
BRDA:23,4,0,64
BRDA:23,4,1,62
BRDA:29,5,0,10
BRDA:35,6,0,12
BRDA:41,7,0,0
BRDA:47,8,0,21
BRDA:53,9,0,1
BRDA:57,10,0,0
BRDA:61,11,0,1
BRDA:61,12,0,9
BRDA:61,12,1,1
BRDA:67,13,0,6
BRF:17
BRH:15
end_of_record
TN:
SF:src/middlewares/index.ts
FNF:0
FNH:0
DA:1,10
DA:2,10
DA:3,10
LF:3
LH:3
BRF:0
BRH:0
end_of_record
TN:
SF:src/middlewares/validation-middleware.ts
FN:5,validateBody
FN:9,validateParams
FN:13,validate
FN:14,(anonymous_3)
FN:23,(anonymous_4)
FNF:5
FNH:4
FNDA:50,validateBody
FNDA:0,validateParams
FNDA:50,validate
FNDA:29,(anonymous_3)
FNDA:25,(anonymous_4)
DA:3,10
DA:5,10
DA:6,50
DA:9,10
DA:10,0
DA:14,50
DA:15,29
DA:19,29
DA:20,20
DA:22,9
DA:23,25
DA:24,9
LF:12
LH:11
BRDA:19,0,0,20
BRDA:19,0,1,9
BRF:2
BRH:2
end_of_record
TN:
SF:src/middlewares/validation-user-middleware.ts
FN:6,validateUserInfo
FNF:1
FNH:1
FNDA:14,validateUserInfo
DA:1,10
DA:2,10
DA:6,10
DA:7,14
DA:8,14
DA:9,12
DA:10,12
DA:11,10
DA:12,4
LF:9
LH:9
BRDA:8,0,0,2
BRDA:10,1,0,2
BRDA:11,2,0,6
BRDA:11,3,0,10
BRDA:11,3,1,8
BRDA:11,3,2,6
BRF:6
BRH:6
end_of_record
TN:
SF:src/repositories/address-repository.ts
FN:4,upsert
FNF:1
FNH:0
FNDA:0,upsert
DA:2,10
DA:5,0
DA:20,10
LF:3
LH:2
BRF:0
BRH:0
end_of_record
TN:
SF:src/repositories/authentication-repository.ts
FN:4,createSession
FN:10,findSession
FNF:2
FNH:2
FNDA:5,createSession
FNDA:47,findSession
DA:2,10
DA:5,5
DA:11,47
DA:18,10
LF:4
LH:4
BRF:0
BRH:0
end_of_record
TN:
SF:src/repositories/enrollments-repository.ts
FN:4,findWithAddressByUserId
FN:13,upsert
FN:27,findEnrollmentByUserId
FNF:3
FNH:3
FNDA:11,findWithAddressByUserId
FNDA:2,upsert
FNDA:14,findEnrollmentByUserId
DA:2,10
DA:5,11
DA:18,2
DA:28,14
DA:36,10
LF:5
LH:5
BRF:0
BRH:0
end_of_record
TN:
SF:src/repositories/events-repository.ts
FN:3,findFirst
FNF:1
FNH:1
FNDA:11,findFirst
DA:1,10
DA:4,11
DA:7,10
LF:3
LH:3
BRF:0
BRH:0
end_of_record
TN:
SF:src/repositories/hotels-repository.ts
FN:3,getHotels
FN:7,getHotelById
FNF:2
FNH:2
FNDA:2,getHotels
FNDA:2,getHotelById
DA:1,10
DA:4,2
DA:8,2
DA:14,10
LF:4
LH:4
BRF:0
BRH:0
end_of_record
TN:
SF:src/repositories/index.ts
FNF:0
FNH:0
DA:1,10
DA:2,10
DA:3,10
DA:4,10
DA:5,10
DA:6,10
DA:7,10
LF:7
LH:7
BRF:0
BRH:0
end_of_record
TN:
SF:src/repositories/payments-repository.ts
FN:4,findPaymentByTicketId
FN:11,createPayment
FNF:2
FNH:1
FNDA:0,findPaymentByTicketId
FNDA:3,createPayment
DA:1,10
DA:5,0
DA:8,0
DA:12,3
DA:19,3
DA:22,10
LF:6
LH:4
BRF:0
BRH:0
end_of_record
TN:
SF:src/repositories/tickets-repository.ts
FN:5,findTicketTypes
FN:10,findTicketByEnrollmentId
FN:19,createTicket
FN:28,findTicketById
FN:37,ticketProcessPayment
FNF:5
FNH:5
FNDA:2,findTicketTypes
FNDA:13,findTicketByEnrollmentId
FNDA:1,createTicket
FNDA:7,findTicketById
FNDA:3,ticketProcessPayment
DA:1,10
DA:2,10
DA:6,2
DA:7,2
DA:11,13
DA:16,13
DA:20,1
DA:25,1
DA:29,7
DA:34,7
DA:38,3
DA:47,3
DA:50,10
LF:13
LH:13
BRF:0
BRH:0
end_of_record
TN:
SF:src/repositories/users-repository.ts
FN:4,findByEmail
FN:18,create
FNF:2
FNH:2
FNDA:11,findByEmail
FNDA:1,create
DA:2,10
DA:5,11
DA:11,11
DA:12,9
DA:15,11
DA:19,1
DA:24,10
LF:7
LH:7
BRDA:11,0,0,9
BRF:1
BRH:1
end_of_record
TN:
SF:src/routers/authentication-router.ts
FNF:0
FNH:0
DA:1,10
DA:2,10
DA:3,10
DA:4,10
DA:6,10
DA:8,10
DA:10,10
LF:7
LH:7
BRF:0
BRH:0
end_of_record
TN:
SF:src/routers/enrollments-router.ts
FNF:0
FNH:0
DA:1,10
DA:2,10
DA:3,10
DA:4,10
DA:6,10
DA:8,10
DA:14,10
LF:7
LH:7
BRF:0
BRH:0
end_of_record
TN:
SF:src/routers/events-router.ts
FNF:0
FNH:0
DA:1,10
DA:2,10
DA:4,10
DA:6,10
DA:8,10
LF:5
LH:5
BRF:0
BRH:0
end_of_record
TN:
SF:src/routers/hotels-router.ts
FNF:0
FNH:0
DA:1,10
DA:2,10
DA:3,10
DA:4,10
DA:6,10
DA:8,10
DA:13,10
LF:7
LH:7
BRF:0
BRH:0
end_of_record
TN:
SF:src/routers/index.ts
FNF:0
FNH:0
DA:1,10
DA:2,10
DA:3,10
DA:4,10
DA:5,10
DA:6,10
DA:7,10
LF:7
LH:7
BRF:0
BRH:0
end_of_record
TN:
SF:src/routers/paymets-router.ts
FNF:0
FNH:0
DA:1,10
DA:2,10
DA:3,10
DA:4,10
DA:6,10
DA:8,10
DA:13,10
LF:7
LH:7
BRF:0
BRH:0
end_of_record
TN:
SF:src/routers/tickets-router.ts
FNF:0
FNH:0
DA:1,10
DA:2,10
DA:3,10
DA:4,10
DA:6,10
DA:8,10
DA:14,10
LF:7
LH:7
BRF:0
BRH:0
end_of_record
TN:
SF:src/routers/users-router.ts
FNF:0
FNH:0
DA:1,10
DA:3,10
DA:4,10
DA:5,10
DA:7,10
DA:9,10
DA:11,10
LF:7
LH:7
BRF:0
BRH:0
end_of_record
TN:
SF:src/schemas/authentication-schemas.ts
FNF:0
FNH:0
DA:1,13
DA:4,13
LF:2
LH:2
BRF:0
BRH:0
end_of_record
TN:
SF:src/schemas/enrollments-schemas.ts
FN:23,(anonymous_1)
FN:30,joiCpfValidation
FN:40,joiCepValidation
FN:50,joiMobilePhoneValidation
FNF:4
FNH:4
FNDA:351,(anonymous_1)
FNDA:29,joiCpfValidation
FNDA:19,joiCepValidation
FNDA:23,joiMobilePhoneValidation
DA:1,13
DA:2,13
DA:5,13
DA:7,13
DA:9,13
DA:11,13
DA:23,351
DA:31,29
DA:33,29
DA:34,1
DA:37,28
DA:41,19
DA:43,19
DA:44,1
DA:47,18
DA:51,23
DA:53,23
DA:54,0
DA:57,23
LF:19
LH:18
BRDA:31,0,0,0
BRDA:33,1,0,1
BRDA:41,2,0,0
BRDA:43,3,0,1
BRDA:51,4,0,0
BRDA:53,5,0,0
BRF:6
BRH:2
end_of_record
TN:
SF:src/schemas/index.ts
FNF:0
FNH:0
DA:1,13
DA:2,13
DA:3,13
LF:3
LH:3
BRF:0
BRH:0
end_of_record
TN:
SF:src/schemas/payments-schemas.ts
FNF:0
FNH:0
DA:1,10
DA:4,10
LF:2
LH:2
BRF:0
BRH:0
end_of_record
TN:
SF:src/schemas/tickets-schemas.ts
FNF:0
FNH:0
DA:1,10
DA:4,10
LF:2
LH:2
BRF:0
BRH:0
end_of_record
TN:
SF:src/schemas/users-schemas.ts
FNF:0
FNH:0
DA:1,13
DA:4,13
LF:2
LH:2
BRF:0
BRH:0
end_of_record
TN:
SF:src/services/authentication-service.ts
FN:8,signIn
FN:23,getUserOrFail
FN:30,createSession
FN:40,validatePasswordOrFail
FNF:4
FNH:4
FNDA:9,signIn
FNDA:9,getUserOrFail
FNDA:5,createSession
FNDA:7,validatePasswordOrFail
DA:2,10
DA:3,10
DA:4,10
DA:5,10
DA:6,10
DA:9,9
DA:11,9
DA:13,7
DA:15,5
DA:17,5
DA:24,9
DA:25,9
DA:27,7
DA:31,5
DA:32,5
DA:37,5
DA:41,7
DA:42,7
DA:54,10
LF:19
LH:19
BRDA:25,0,0,2
BRDA:42,1,0,2
BRF:2
BRH:2
end_of_record
TN:
SF:src/services/enrollments-service.ts
FN:8,getAddressFromCEP
FN:27,getOneWithAddressByUserId
FN:43,getFirstAddress
FN:51,createOrUpdateEnrollmentWithAddress
FN:63,getAddressForUpsert
FNF:5
FNH:5
FNDA:4,getAddressFromCEP
FNDA:2,getOneWithAddressByUserId
FNDA:1,getFirstAddress
FNDA:2,createOrUpdateEnrollmentWithAddress
FNDA:2,getAddressForUpsert
DA:2,10
DA:3,10
DA:4,10
DA:5,10
DA:9,4
DA:11,3
DA:12,0
DA:15,3
DA:16,3
DA:24,3
DA:28,2
DA:30,2
DA:32,1
DA:33,1
DA:35,1
DA:44,1
DA:46,1
DA:52,2
DA:53,2
DA:54,2
DA:56,2
DA:58,2
DA:60,0
DA:64,2
DA:74,10
LF:25
LH:23
BRDA:11,0,0,0
BRDA:11,1,0,3
BRDA:11,1,1,3
BRDA:30,2,0,1
BRDA:37,3,0,1
BRDA:37,3,1,1
BRDA:44,4,0,0
BRDA:66,5,0,2
BRDA:66,5,1,2
BRF:9
BRH:7
end_of_record
TN:
SF:src/services/events-service.ts
FN:7,getFirstEvent
FN:16,isCurrentEventActive
FNF:2
FNH:2
FNDA:2,getFirstEvent
FNDA:9,isCurrentEventActive
DA:2,10
DA:3,10
DA:4,10
DA:5,10
DA:8,2
DA:9,2
DA:11,1
DA:17,9
DA:18,9
DA:20,3
DA:21,3
DA:22,3
DA:24,3
DA:27,10
LF:14
LH:14
BRDA:9,0,0,1
BRDA:18,1,0,6
BRDA:24,2,0,3
BRDA:24,2,1,2
BRF:4
BRH:4
end_of_record
TN:
SF:src/services/hotels-service.ts
FN:4,getHotels
FN:10,getHotelById
FNF:2
FNH:2
FNDA:2,getHotels
FNDA:2,getHotelById
DA:1,10
DA:2,10
DA:5,2
DA:6,2
DA:7,1
DA:11,2
DA:12,2
DA:13,1
DA:16,10
LF:9
LH:9
BRDA:6,0,0,1
BRDA:12,1,0,1
BRF:2
BRH:2
end_of_record
TN:
SF:src/services/index.ts
FNF:0
FNH:0
DA:1,10
DA:2,10
DA:3,10
DA:4,10
DA:5,10
DA:6,10
LF:6
LH:6
BRF:0
BRH:0
end_of_record
TN:
SF:src/services/payments-service.ts
FN:5,verifyTicketAndEnrollment
FN:17,getPaymentByTicketId
FN:25,paymentProcess
FNF:3
FNH:3
FNDA:8,verifyTicketAndEnrollment
FNDA:3,getPaymentByTicketId
FNDA:5,paymentProcess
DA:1,10
DA:3,10
DA:6,8
DA:8,7
DA:9,7
DA:11,5
DA:12,5
DA:14,3
DA:18,3
DA:20,0
DA:22,0
DA:26,5
DA:28,3
DA:35,3
DA:36,3
DA:37,3
DA:40,10
LF:17
LH:15
BRDA:6,0,0,1
BRDA:6,1,0,8
BRDA:6,1,1,7
BRDA:9,2,0,2
BRDA:12,3,0,2
BRF:5
BRH:5
end_of_record
TN:
SF:src/services/tickets-service.ts
FN:6,findTicketTypes
FN:11,getTicketByUserId
FN:21,createTicket
FNF:3
FNH:3
FNDA:2,findTicketTypes
FNDA:2,getTicketByUserId
FNDA:2,createTicket
DA:1,10
DA:2,10
DA:4,10
DA:7,2
DA:8,2
DA:12,2
DA:13,2
DA:15,1
DA:16,1
DA:18,0
DA:22,2
DA:24,2
DA:25,2
DA:27,1
DA:33,1
DA:34,1
DA:37,10
LF:17
LH:16
BRDA:13,0,0,1
BRDA:16,1,0,1
BRDA:22,2,0,0
BRDA:25,3,0,1
BRF:4
BRH:3
end_of_record
TN:
SF:src/services/users-service.ts
FN:7,createUser
FN:19,validateUniqueEmailOrFail
FN:26,canEnrollOrFail
FNF:3
FNH:3
FNDA:9,createUser
FNDA:2,validateUniqueEmailOrFail
FNDA:9,canEnrollOrFail
DA:2,10
DA:3,10
DA:4,10
DA:5,10
DA:7,10
DA:8,9
DA:10,2
DA:12,1
DA:13,1
DA:20,2
DA:21,2
DA:22,1
DA:27,9
DA:28,9
DA:29,7
DA:35,10
LF:16
LH:16
BRDA:21,0,0,1
BRDA:28,1,0,7
BRF:2
BRH:2
end_of_record
TN:
SF:src/utils/prisma-utils.ts
FN:1,exclude
FNF:1
FNH:1
FNDA:12,exclude
DA:1,10
DA:2,12
DA:3,12
DA:4,18
DA:6,12
LF:5
LH:5
BRF:0
BRH:0
end_of_record
TN:
SF:src/utils/request.ts
FN:4,get
FNF:1
FNH:1
FNDA:4,get
DA:1,10
DA:2,10
DA:5,4
DA:6,4
DA:7,3
DA:9,1
DA:10,1
DA:14,10
LF:8
LH:8
BRF:0
BRH:0
end_of_record
TN:
SF:tests/helpers.ts
FN:7,cleanDb
FN:21,generateValidToken
FNF:2
FNH:2
FNDA:61,cleanDb
FNDA:41,generateValidToken
DA:1,9
DA:3,9
DA:4,9
DA:5,9
DA:7,9
DA:8,61
DA:9,61
DA:10,61
DA:11,61
DA:12,60
DA:13,60
DA:14,60
DA:15,60
DA:16,58
DA:17,54
DA:18,54
DA:21,9
DA:22,41
DA:23,41
DA:25,41
DA:27,41
LF:21
LH:21
BRDA:22,0,0,41
BRDA:22,0,1,9
BRF:2
BRH:2
end_of_record
TN:
SF:tests/factories/enrollments-factory.ts
FN:8,createEnrollmentWithAddress
FN:35,createhAddressWithCEP
FNF:2
FNH:2
FNDA:31,createEnrollmentWithAddress
FNDA:1,createhAddressWithCEP
DA:1,9
DA:2,9
DA:5,9
DA:6,9
DA:8,9
DA:9,31
DA:11,31
DA:35,9
DA:36,1
LF:9
LH:9
BRDA:9,0,0,31
BRDA:9,0,1,0
BRF:2
BRH:1
end_of_record
TN:
SF:tests/factories/events-factory.ts
FN:6,createEvent
FNF:1
FNH:1
FNDA:4,createEvent
DA:1,9
DA:2,9
DA:4,9
DA:6,9
DA:7,4
LF:5
LH:5
BRDA:6,0,0,3
BRDA:9,1,0,4
BRDA:9,1,1,4
BRDA:10,2,0,4
BRDA:10,2,1,4
BRDA:11,3,0,4
BRDA:11,3,1,4
BRDA:12,4,0,4
BRDA:12,4,1,3
BRDA:13,5,0,4
BRDA:13,5,1,4
BRF:11
BRH:11
end_of_record
TN:
SF:tests/factories/hotels-factory.ts
FN:4,createHotel
FN:13,createRoom
FNF:2
FNH:2
FNDA:8,createHotel
FNDA:35,createRoom
DA:1,1
DA:2,1
DA:4,1
DA:5,8
DA:13,1
DA:14,35
LF:6
LH:6
BRF:0
BRH:0
end_of_record
TN:
SF:tests/factories/index.ts
FNF:0
FNH:0
DA:1,9
DA:2,9
DA:3,9
DA:4,9
DA:5,9
DA:6,9
LF:6
LH:6
BRF:0
BRH:0
end_of_record
TN:
SF:tests/factories/payments-factory.ts
FN:4,createPayment
FN:15,generateCreditCardData
FNF:2
FNH:1
FNDA:0,createPayment
FNDA:5,generateCreditCardData
DA:1,9
DA:2,9
DA:4,9
DA:5,0
DA:15,9
DA:16,5
DA:18,5
LF:7
LH:6
BRF:0
BRH:0
end_of_record
TN:
SF:tests/factories/sessions-factory.ts
FN:5,createSession
FNF:1
FNH:1
FNDA:41,createSession
DA:2,9
DA:3,9
DA:5,9
DA:6,41
DA:8,41
LF:5
LH:5
BRF:0
BRH:0
end_of_record
TN:
SF:tests/factories/tickets-factory.ts
FN:5,createTicketType
FN:16,createTicket
FNF:2
FNH:2
FNDA:11,createTicketType
FNDA:16,createTicket
DA:1,9
DA:3,9
DA:5,9
DA:6,11
DA:16,9
DA:17,16
LF:6
LH:6
BRF:0
BRH:0
end_of_record
TN:
SF:tests/factories/users-factory.ts
FN:6,createUser
FNF:1
FNH:1
FNDA:102,createUser
DA:1,9
DA:2,9
DA:4,9
DA:6,9
DA:7,102
DA:8,102
DA:10,102
LF:7
LH:7
BRDA:6,0,0,94
BRDA:7,1,0,102
BRDA:7,1,1,94
BRDA:12,2,0,102
BRDA:12,2,1,94
BRF:5
BRH:5
end_of_record
